<?xml version="1.0" encoding="UTF-8"?>
<!-- Generated by org.testng.reporters.JUnitReportReporter -->
<testsuite hostname="RNS-PC13" failures="0" tests="1" name="Smartstack.net.Pojo_Files.Page_factory_Test" time="8.944" errors="0" timestamp="2024-08-21T14:38:48 AEST" skipped="0">
  <testcase classname="Smartstack.net.Pojo_Files.Page_factory_Test" name="name" time="8.944"/>
  <system-out/>
</testsuite> <!-- Smartstack.net.Pojo_Files.Page_factory_Test -->
